Determining if the pthread_create exist failed with the following output:
Change Dir: /home/vrong/Bureau/RC/RC-WebControl/native/build/CMakeFiles/CMakeTmp

Run Build Command:"/usr/bin/make" "cmTC_83895/fast"
/usr/bin/make -f CMakeFiles/cmTC_83895.dir/build.make CMakeFiles/cmTC_83895.dir/build
make[1] : on entre dans le répertoire « /home/vrong/Bureau/RC/RC-WebControl/native/build/CMakeFiles/CMakeTmp »
Building C object CMakeFiles/cmTC_83895.dir/CheckSymbolExists.c.o
/usr/bin/cc     -o CMakeFiles/cmTC_83895.dir/CheckSymbolExists.c.o   -c /home/vrong/Bureau/RC/RC-WebControl/native/build/CMakeFiles/CMakeTmp/CheckSymbolExists.c
Linking C executable cmTC_83895
/usr/bin/cmake -E cmake_link_script CMakeFiles/cmTC_83895.dir/link.txt --verbose=1
/usr/bin/cc       CMakeFiles/cmTC_83895.dir/CheckSymbolExists.c.o  -o cmTC_83895 -rdynamic 
CMakeFiles/cmTC_83895.dir/CheckSymbolExists.c.o: dans la fonction « main »:
CheckSymbolExists.c:(.text+0x16): référence indéfinie vers « pthread_create »
collect2: error: ld returned 1 exit status
CMakeFiles/cmTC_83895.dir/build.make:97 : la recette pour la cible « cmTC_83895 » a échouée
make[1]: *** [cmTC_83895] Erreur 1
make[1] : on quitte le répertoire « /home/vrong/Bureau/RC/RC-WebControl/native/build/CMakeFiles/CMakeTmp »
Makefile:126 : la recette pour la cible « cmTC_83895/fast » a échouée
make: *** [cmTC_83895/fast] Erreur 2

File /home/vrong/Bureau/RC/RC-WebControl/native/build/CMakeFiles/CMakeTmp/CheckSymbolExists.c:
/* */
#include <pthread.h>

int main(int argc, char** argv)
{
  (void)argv;
#ifndef pthread_create
  return ((int*)(&pthread_create))[argc];
#else
  (void)argc;
  return 0;
#endif
}

Determining if the function pthread_create exists in the pthreads failed with the following output:
Change Dir: /home/vrong/Bureau/RC/RC-WebControl/native/build/CMakeFiles/CMakeTmp

Run Build Command:"/usr/bin/make" "cmTC_87905/fast"
/usr/bin/make -f CMakeFiles/cmTC_87905.dir/build.make CMakeFiles/cmTC_87905.dir/build
make[1] : on entre dans le répertoire « /home/vrong/Bureau/RC/RC-WebControl/native/build/CMakeFiles/CMakeTmp »
Building C object CMakeFiles/cmTC_87905.dir/CheckFunctionExists.c.o
/usr/bin/cc    -DCHECK_FUNCTION_EXISTS=pthread_create   -o CMakeFiles/cmTC_87905.dir/CheckFunctionExists.c.o   -c /usr/share/cmake-3.5/Modules/CheckFunctionExists.c
Linking C executable cmTC_87905
/usr/bin/cmake -E cmake_link_script CMakeFiles/cmTC_87905.dir/link.txt --verbose=1
/usr/bin/cc   -DCHECK_FUNCTION_EXISTS=pthread_create    CMakeFiles/cmTC_87905.dir/CheckFunctionExists.c.o  -o cmTC_87905 -rdynamic -lpthreads 
/usr/bin/ld : ne peut trouver -lpthreads
collect2: error: ld returned 1 exit status
CMakeFiles/cmTC_87905.dir/build.make:97 : la recette pour la cible « cmTC_87905 » a échouée
make[1]: *** [cmTC_87905] Erreur 1
make[1] : on quitte le répertoire « /home/vrong/Bureau/RC/RC-WebControl/native/build/CMakeFiles/CMakeTmp »
Makefile:126 : la recette pour la cible « cmTC_87905/fast » a échouée
make: *** [cmTC_87905/fast] Erreur 2


